[Tue Feb 28 17:13:26 CST 2023] Update start.
[Tue Feb 28 17:13:27 CST 2023] Update done.
[Tue Feb 28 17:30:01 CST 2023] Update start.
/home/gongshuang/pb/core/data_update/run_update.sh: line 22: python3: command not found
[Tue Feb 28 17:30:01 CST 2023] Update Error.
[Tue Feb 28 17:40:01 CST 2023] Update start.
/home/gongshuang/pb/core/data_update/run_update.sh: line 22: python3: command not found
[Tue Feb 28 17:40:01 CST 2023] Update Error.
[Tue Feb 28 17:50:01 CST 2023] Update start.
/home/gongshuang/pb/core/data_update/run_update.sh: line 22: python3: command not found
[Tue Feb 28 17:50:01 CST 2023] Update Error.
[Tue Feb 28 18:00:01 CST 2023] Pacbio_data.json may be writing.wait 5s...
[Tue Feb 28 18:00:06 CST 2023] Pacbio_data.json may be writing.wait 5s...
[Tue Feb 28 18:00:11 CST 2023] Pacbio_data.json may be writing.wait 5s...
[Tue Feb 28 18:00:16 CST 2023] Update start.
/home/gongshuang/pb/core/data_update/run_update.sh: line 22: python3: command not found
[Tue Feb 28 18:00:16 CST 2023] Update Error.
[Tue Feb 28 18:10:01 CST 2023] Update start.
/home/gongshuang/pb/core/data_update/run_update.sh: line 22: python3: command not found
[Tue Feb 28 18:10:01 CST 2023] Update Error.
[Tue Feb 28 18:20:01 CST 2023] Update start.
[Tue Feb 28 18:20:02 CST 2023] Update done.
[Tue Feb 28 18:30:01 CST 2023] Update start.
[Tue Feb 28 18:30:02 CST 2023] Update done.
[Tue Feb 28 18:40:01 CST 2023] Update start.
[Tue Feb 28 18:40:02 CST 2023] Update done.
[Tue Feb 28 18:50:01 CST 2023] Update start.
[Tue Feb 28 18:50:02 CST 2023] Update done.
[Tue Feb 28 19:00:01 CST 2023] Update start.
[Tue Feb 28 19:00:02 CST 2023] Update done.
[Tue Feb 28 19:10:01 CST 2023] Update start.
[Tue Feb 28 19:10:03 CST 2023] Update done.
[Tue Feb 28 19:20:01 CST 2023] Update start.
[Tue Feb 28 19:20:02 CST 2023] Update done.
[Tue Feb 28 19:30:01 CST 2023] Update start.
[Tue Feb 28 19:30:02 CST 2023] Update done.
[Tue Feb 28 19:40:01 CST 2023] Update start.
[Tue Feb 28 19:40:02 CST 2023] Update done.
[Tue Feb 28 19:50:01 CST 2023] Update start.
[Tue Feb 28 19:50:02 CST 2023] Update done.
[Tue Feb 28 20:00:01 CST 2023] Update start.
[Tue Feb 28 20:00:02 CST 2023] Update done.
[Tue Feb 28 20:10:01 CST 2023] Update start.
[Tue Feb 28 20:10:02 CST 2023] Update done.
[Tue Feb 28 20:20:01 CST 2023] Update start.
[Tue Feb 28 20:20:02 CST 2023] Update done.
[Tue Feb 28 20:30:01 CST 2023] Update start.
[Tue Feb 28 20:30:02 CST 2023] Update done.
[Tue Feb 28 20:40:01 CST 2023] Update start.
[Tue Feb 28 20:40:02 CST 2023] Update done.
[Tue Feb 28 20:50:01 CST 2023] Update start.
[Tue Feb 28 20:50:02 CST 2023] Update done.
[Tue Feb 28 21:00:02 CST 2023] Update start.
[Tue Feb 28 21:00:03 CST 2023] Update done.
[Tue Feb 28 21:10:01 CST 2023] Update start.
[Tue Feb 28 21:10:02 CST 2023] Update done.
[Tue Feb 28 21:20:01 CST 2023] Update start.
[Tue Feb 28 21:20:03 CST 2023] Update done.
[Tue Feb 28 21:30:01 CST 2023] Update start.
[Tue Feb 28 21:30:02 CST 2023] Update done.
[Tue Feb 28 21:40:01 CST 2023] Update start.
[Tue Feb 28 21:40:02 CST 2023] Update done.
[Tue Feb 28 21:50:01 CST 2023] Update start.
[Tue Feb 28 21:50:02 CST 2023] Update done.
[Tue Feb 28 22:00:01 CST 2023] Update start.
[Tue Feb 28 22:00:02 CST 2023] Update done.
[Tue Feb 28 22:10:01 CST 2023] Update start.
[Tue Feb 28 22:10:02 CST 2023] Update done.
[Tue Feb 28 22:20:01 CST 2023] Update start.
[Tue Feb 28 22:20:02 CST 2023] Update done.
[Tue Feb 28 22:30:01 CST 2023] Update start.
[Tue Feb 28 22:30:02 CST 2023] Update done.
[Tue Feb 28 22:40:01 CST 2023] Update start.
[Tue Feb 28 22:40:02 CST 2023] Update done.
[Tue Feb 28 22:50:01 CST 2023] Update start.
[Tue Feb 28 22:50:02 CST 2023] Update done.
[Tue Feb 28 23:00:01 CST 2023] Update start.
[Tue Feb 28 23:00:03 CST 2023] Update done.
[Tue Feb 28 23:10:01 CST 2023] Update start.
[Tue Feb 28 23:10:02 CST 2023] Update done.
[Tue Feb 28 23:20:01 CST 2023] Update start.
[Tue Feb 28 23:20:02 CST 2023] Update done.
[Tue Feb 28 23:30:02 CST 2023] Update start.
[Tue Feb 28 23:30:03 CST 2023] Update done.
[Tue Feb 28 23:40:01 CST 2023] Update start.
[Tue Feb 28 23:40:02 CST 2023] Update done.
[Tue Feb 28 23:50:01 CST 2023] Update start.
[Tue Feb 28 23:50:02 CST 2023] Update done.
[Wed Mar 1 00:00:01 CST 2023] Update start.
[Wed Mar 1 00:00:02 CST 2023] Update done.
[Wed Mar 1 00:10:01 CST 2023] Update start.
[Wed Mar 1 00:10:02 CST 2023] Update done.
[Wed Mar 1 00:20:01 CST 2023] Update start.
[Wed Mar 1 00:20:02 CST 2023] Update done.
[Wed Mar 1 00:30:01 CST 2023] Update start.
[Wed Mar 1 00:30:02 CST 2023] Update done.
[Wed Mar 1 00:40:01 CST 2023] Update start.
[Wed Mar 1 00:40:02 CST 2023] Update done.
[Wed Mar 1 00:50:01 CST 2023] Update start.
[Wed Mar 1 00:50:02 CST 2023] Update done.
[Wed Mar 1 01:00:01 CST 2023] Update start.
[Wed Mar 1 01:00:02 CST 2023] Update done.
[Wed Mar 1 01:10:01 CST 2023] Update start.
[Wed Mar 1 01:10:02 CST 2023] Update done.
[Wed Mar 1 01:20:01 CST 2023] Update start.
[Wed Mar 1 01:20:02 CST 2023] Update done.
[Wed Mar 1 01:30:01 CST 2023] Update start.
[Wed Mar 1 01:30:02 CST 2023] Update done.
[Wed Mar 1 01:40:01 CST 2023] Update start.
[Wed Mar 1 01:40:02 CST 2023] Update done.
[Wed Mar 1 01:50:01 CST 2023] Update start.
[Wed Mar 1 01:50:02 CST 2023] Update done.
[Wed Mar 1 02:00:01 CST 2023] Update start.
[Wed Mar 1 02:00:02 CST 2023] Update done.
[Wed Mar 1 02:10:02 CST 2023] Pacbio_data.json may be writing.wait 5s...
[Wed Mar 1 02:10:07 CST 2023] Pacbio_data.json may be writing.wait 5s...
[Wed Mar 1 02:10:12 CST 2023] Update start.
[Wed Mar 1 02:10:13 CST 2023] Update done.
[Wed Mar 1 02:20:01 CST 2023] Update start.
[Wed Mar 1 02:20:02 CST 2023] Update done.
[Wed Mar 1 02:30:01 CST 2023] Update start.
[Wed Mar 1 02:30:02 CST 2023] Update done.
[Wed Mar 1 02:40:01 CST 2023] Update start.
[Wed Mar 1 02:40:02 CST 2023] Update done.
[Wed Mar 1 02:50:01 CST 2023] Update start.
[Wed Mar 1 02:50:03 CST 2023] Update done.
[Wed Mar 1 03:00:01 CST 2023] Update start.
[Wed Mar 1 03:00:02 CST 2023] Update done.
[Wed Mar 1 03:10:01 CST 2023] Update start.
[Wed Mar 1 03:10:02 CST 2023] Update done.
[Wed Mar 1 03:20:01 CST 2023] Update start.
[Wed Mar 1 03:20:03 CST 2023] Update done.
[Wed Mar 1 03:30:01 CST 2023] Update start.
[Wed Mar 1 03:30:02 CST 2023] Update done.
[Wed Mar 1 03:40:01 CST 2023] Update start.
[Wed Mar 1 03:40:02 CST 2023] Update done.
[Wed Mar 1 03:50:01 CST 2023] Update start.
[Wed Mar 1 03:50:03 CST 2023] Update done.
[Wed Mar 1 04:00:01 CST 2023] Update start.
[Wed Mar 1 04:00:02 CST 2023] Update done.
[Wed Mar 1 04:10:01 CST 2023] Update start.
[Wed Mar 1 04:10:02 CST 2023] Update done.
[Wed Mar 1 04:20:01 CST 2023] Update start.
[Wed Mar 1 04:20:02 CST 2023] Update done.
[Wed Mar 1 04:30:01 CST 2023] Update start.
[Wed Mar 1 04:30:02 CST 2023] Update done.
[Wed Mar 1 04:40:01 CST 2023] Update start.
[Wed Mar 1 04:40:02 CST 2023] Update done.
[Wed Mar 1 04:50:01 CST 2023] Update start.
[Wed Mar 1 04:50:02 CST 2023] Update done.
[Wed Mar 1 05:00:01 CST 2023] Update start.
[Wed Mar 1 05:00:03 CST 2023] Update done.
[Wed Mar 1 05:10:01 CST 2023] Update start.
[Wed Mar 1 05:10:02 CST 2023] Update done.
[Wed Mar 1 05:20:01 CST 2023] Update start.
[Wed Mar 1 05:20:02 CST 2023] Update done.
[Wed Mar 1 05:30:01 CST 2023] Update start.
[Wed Mar 1 05:30:02 CST 2023] Update done.
[Wed Mar 1 05:40:01 CST 2023] Update start.
[Wed Mar 1 05:40:02 CST 2023] Update done.
[Wed Mar 1 05:50:01 CST 2023] Update start.
[Wed Mar 1 05:50:02 CST 2023] Update done.
[Wed Mar 1 06:00:01 CST 2023] Update start.
[Wed Mar 1 06:00:03 CST 2023] Update done.
[Wed Mar 1 06:10:01 CST 2023] Update start.
[Wed Mar 1 06:10:02 CST 2023] Update done.
[Wed Mar 1 06:20:01 CST 2023] Update start.
[Wed Mar 1 06:20:02 CST 2023] Update done.
[Wed Mar 1 06:30:01 CST 2023] Update start.
[Wed Mar 1 06:30:02 CST 2023] Update done.
[Wed Mar 1 06:40:01 CST 2023] Update start.
[Wed Mar 1 06:40:02 CST 2023] Update done.
[Wed Mar 1 06:50:01 CST 2023] Update start.
[Wed Mar 1 06:50:03 CST 2023] Update done.
[Wed Mar 1 07:00:01 CST 2023] Update start.
[Wed Mar 1 07:00:02 CST 2023] Update done.
[Wed Mar 1 07:10:01 CST 2023] Update start.
[Wed Mar 1 07:10:02 CST 2023] Update done.
[Wed Mar 1 07:20:01 CST 2023] Update start.
[Wed Mar 1 07:20:02 CST 2023] Update done.
[Wed Mar 1 07:30:02 CST 2023] Update start.
[Wed Mar 1 07:30:03 CST 2023] Update done.
[Wed Mar 1 07:40:01 CST 2023] Update start.
[Wed Mar 1 07:40:02 CST 2023] Update done.
[Wed Mar 1 07:50:01 CST 2023] Update start.
[Wed Mar 1 07:50:02 CST 2023] Update done.
[Wed Mar 1 08:00:01 CST 2023] Update start.
[Wed Mar 1 08:00:03 CST 2023] Update done.
[Wed Mar 1 08:10:01 CST 2023] Update start.
[Wed Mar 1 08:10:02 CST 2023] Update done.
[Wed Mar 1 08:20:01 CST 2023] Update start.
[Wed Mar 1 08:20:02 CST 2023] Update done.
[Wed Mar 1 08:30:01 CST 2023] Update start.
[Wed Mar 1 08:30:02 CST 2023] Update done.
[Wed Mar 1 08:40:02 CST 2023] Update start.
[Wed Mar 1 08:40:03 CST 2023] Update done.
[Wed Mar 1 08:50:01 CST 2023] Update start.
[Wed Mar 1 08:50:02 CST 2023] Update done.
[Wed Mar 1 09:00:01 CST 2023] Update start.
[Wed Mar 1 09:00:03 CST 2023] Update done.
[Wed Mar 1 09:10:01 CST 2023] Update start.
[Wed Mar 1 09:10:02 CST 2023] Update done.
[Wed Mar 1 09:20:01 CST 2023] Update start.
[Wed Mar 1 09:20:02 CST 2023] Update done.
[Wed Mar 1 09:30:01 CST 2023] Update start.
[Wed Mar 1 09:30:02 CST 2023] Update done.
[Wed Mar 1 09:40:01 CST 2023] Update start.
[Wed Mar 1 09:40:02 CST 2023] Update done.
[Wed Mar 1 09:50:01 CST 2023] Update start.
[Wed Mar 1 09:50:03 CST 2023] Update done.
[Wed Mar 1 10:00:01 CST 2023] Update start.
[Wed Mar 1 10:00:02 CST 2023] Update done.
[Wed Mar 1 10:10:01 CST 2023] Update start.
[Wed Mar 1 10:10:02 CST 2023] Update done.
[Wed Mar 1 10:20:02 CST 2023] Pacbio_data.json may be writing.wait 5s...
[Wed Mar 1 10:20:07 CST 2023] Update start.
[Wed Mar 1 10:20:08 CST 2023] Update done.
[Wed Mar 1 10:30:01 CST 2023] Update start.
[Wed Mar 1 10:30:02 CST 2023] Update done.
[Wed Mar 1 10:40:01 CST 2023] Update start.
[Wed Mar 1 10:40:03 CST 2023] Update done.
[Wed Mar 1 10:50:01 CST 2023] Update start.
[Wed Mar 1 10:50:02 CST 2023] Update done.
[Wed Mar 1 11:00:01 CST 2023] Update start.
[Wed Mar 1 11:00:03 CST 2023] Update done.
[Wed Mar 1 11:10:01 CST 2023] Update start.
[Wed Mar 1 11:10:02 CST 2023] Update done.
[Wed Mar 1 11:20:01 CST 2023] Update start.
[Wed Mar 1 11:20:02 CST 2023] Update done.
[Wed Mar 1 11:30:01 CST 2023] Update start.
[Wed Mar 1 11:30:03 CST 2023] Update done.
[Wed Mar 1 11:40:01 CST 2023] Update start.
[Wed Mar 1 11:40:02 CST 2023] Update done.
[Wed Mar 1 11:49:01 CST 2023] Update start.
[Wed Mar 1 11:49:02 CST 2023] Update done.
[Wed Mar 1 11:56:01 CST 2023] Update start.
[Wed Mar 1 11:56:03 CST 2023] Update done.
[Wed Mar 1 12:00:01 CST 2023] Update start.
[Wed Mar 1 12:00:02 CST 2023] Update done.
[Wed Mar 1 12:07:01 CST 2023] Update start.
[Wed Mar 1 12:07:03 CST 2023] Update done.
[Wed Mar 1 12:14:01 CST 2023] Update start.
[Wed Mar 1 12:14:02 CST 2023] Update done.
[Wed Mar 1 12:21:01 CST 2023] Update start.
[Wed Mar 1 12:21:02 CST 2023] Update done.
[Wed Mar 1 12:28:01 CST 2023] Update start.
[Wed Mar 1 12:28:03 CST 2023] Update done.
[Wed Mar 1 12:35:01 CST 2023] Update start.
[Wed Mar 1 12:35:02 CST 2023] Update done.
[Wed Mar 1 12:42:01 CST 2023] Update start.
[Wed Mar 1 12:42:03 CST 2023] Update done.
[Wed Mar 1 12:49:01 CST 2023] Update start.
[Wed Mar 1 12:49:02 CST 2023] Update done.
[Wed Mar 1 12:56:01 CST 2023] Update start.
[Wed Mar 1 12:56:02 CST 2023] Update done.
[Wed Mar 1 13:00:01 CST 2023] Update start.
[Wed Mar 1 13:00:02 CST 2023] Update done.
[Wed Mar 1 13:07:01 CST 2023] Update start.
[Wed Mar 1 13:07:02 CST 2023] Update done.
[Wed Mar 1 13:14:01 CST 2023] Update start.
[Wed Mar 1 13:14:02 CST 2023] Update done.
[Wed Mar 1 13:21:01 CST 2023] Update start.
[Wed Mar 1 13:21:02 CST 2023] Update done.
[Wed Mar 1 13:28:01 CST 2023] Update start.
[Wed Mar 1 13:28:03 CST 2023] Update done.
[Wed Mar 1 13:35:01 CST 2023] Update start.
[Wed Mar 1 13:35:02 CST 2023] Update done.
[Wed Mar 1 13:42:01 CST 2023] Update start.
[Wed Mar 1 13:42:02 CST 2023] Update done.
[Wed Mar 1 13:49:01 CST 2023] Update start.
[Wed Mar 1 13:49:02 CST 2023] Update done.
[Wed Mar 1 13:56:01 CST 2023] Update start.
[Wed Mar 1 13:56:03 CST 2023] Update done.
[Wed Mar 1 14:00:01 CST 2023] Update start.
[Wed Mar 1 14:00:02 CST 2023] Update done.
[Wed Mar 1 14:07:01 CST 2023] Update start.
[Wed Mar 1 14:07:03 CST 2023] Update done.
[Wed Mar 1 14:14:01 CST 2023] Update start.
[Wed Mar 1 14:14:02 CST 2023] Update done.
[Wed Mar 1 14:21:01 CST 2023] Update start.
[Wed Mar 1 14:21:03 CST 2023] Update done.
[Wed Mar 1 14:28:01 CST 2023] Update start.
[Wed Mar 1 14:28:02 CST 2023] Update done.
[Wed Mar 1 14:35:01 CST 2023] Update start.
[Wed Mar 1 14:35:02 CST 2023] Update done.
[Wed Mar 1 14:42:01 CST 2023] Update start.
[Wed Mar 1 14:42:03 CST 2023] Update done.
[Wed Mar 1 14:49:01 CST 2023] Update start.
[Wed Mar 1 14:49:02 CST 2023] Update done.
[Wed Mar 1 14:56:01 CST 2023] Update start.
[Wed Mar 1 14:56:02 CST 2023] Update done.
[Wed Mar 1 15:00:01 CST 2023] Update start.
[Wed Mar 1 15:00:03 CST 2023] Update done.
[Wed Mar 1 15:07:01 CST 2023] Update start.
[Wed Mar 1 15:07:03 CST 2023] Update done.
[Wed Mar 1 15:14:01 CST 2023] Update start.
[Wed Mar 1 15:14:02 CST 2023] Update done.
[Wed Mar 1 15:21:01 CST 2023] Update start.
[Wed Mar 1 15:21:02 CST 2023] Update done.
[Wed Mar 1 15:28:01 CST 2023] Update start.
[Wed Mar 1 15:28:03 CST 2023] Update done.
[Wed Mar 1 15:35:01 CST 2023] Pacbio_data.json may be writing.wait 5s...
[Wed Mar 1 15:35:06 CST 2023] Pacbio_data.json may be writing.wait 5s...
[Wed Mar 1 15:35:11 CST 2023] Update start.
[Wed Mar 1 15:35:12 CST 2023] Update done.
[Wed Mar 1 15:42:01 CST 2023] Update start.
[Wed Mar 1 15:42:02 CST 2023] Update done.
[Wed Mar 1 15:49:01 CST 2023] Update start.
[Wed Mar 1 15:49:03 CST 2023] Update done.
[Wed Mar 1 15:56:01 CST 2023] Update start.
[Wed Mar 1 15:56:02 CST 2023] Update done.
[Wed Mar 1 16:00:01 CST 2023] Update start.
[Wed Mar 1 16:00:02 CST 2023] Update done.
[Wed Mar 1 16:07:01 CST 2023] Update start.
[Wed Mar 1 16:07:03 CST 2023] Update done.
[Wed Mar 1 16:14:01 CST 2023] Update start.
[Wed Mar 1 16:14:02 CST 2023] Update done.
[Wed Mar 1 16:21:01 CST 2023] Update start.
[Wed Mar 1 16:21:02 CST 2023] Update done.
[Wed Mar 1 16:28:01 CST 2023] Update start.
[Wed Mar 1 16:28:02 CST 2023] Update done.
[Wed Mar 1 16:35:01 CST 2023] Pacbio_data.json may be writing.wait 5s...
[Wed Mar 1 16:35:06 CST 2023] Pacbio_data.json may be writing.wait 5s...
[Wed Mar 1 16:35:11 CST 2023] Pacbio_data.json may be writing.wait 5s...
[Wed Mar 1 16:35:16 CST 2023] Pacbio_data.json may be writing.wait 5s...
[Wed Mar 1 16:35:21 CST 2023] Pacbio_data.json may be writing.wait 5s...
[Wed Mar 1 16:35:26 CST 2023] Pacbio_data.json may be writing.wait 5s...
[Wed Mar 1 16:35:31 CST 2023] Pacbio_data.json may be writing.wait 5s...
[Wed Mar 1 16:35:36 CST 2023] Pacbio_data.json may be writing.wait 5s...
[Wed Mar 1 16:35:41 CST 2023] Pacbio_data.json may be writing.wait 5s...
[Wed Mar 1 16:35:46 CST 2023] Pacbio_data.json may be writing.wait 5s...
[Wed Mar 1 16:35:51 CST 2023] Update start.
[Wed Mar 1 16:35:53 CST 2023] Update done.
[Wed Mar 1 16:42:01 CST 2023] Update start.
[Wed Mar 1 16:42:02 CST 2023] Update done.
[Wed Mar 1 16:49:01 CST 2023] Update start.
[Wed Mar 1 16:49:03 CST 2023] Update done.
[Wed Mar 1 16:56:01 CST 2023] Update start.
[Wed Mar 1 16:56:02 CST 2023] Update done.
[Wed Mar 1 17:00:01 CST 2023] Update start.
[Wed Mar 1 17:00:02 CST 2023] Update done.
[Wed Mar 1 17:07:01 CST 2023] Pacbio_data.json may be writing.wait 5s...
[Wed Mar 1 17:07:06 CST 2023] Pacbio_data.json may be writing.wait 5s...
[Wed Mar 1 17:07:11 CST 2023] Update start.
[Wed Mar 1 17:07:12 CST 2023] Update done.
[Wed Mar 1 17:14:01 CST 2023] Update start.
[Wed Mar 1 17:14:03 CST 2023] Update done.
[Wed Mar 1 17:21:01 CST 2023] Update start.
[Wed Mar 1 17:21:02 CST 2023] Update done.
[Wed Mar 1 17:28:01 CST 2023] Update start.
[Wed Mar 1 17:28:02 CST 2023] Update done.
[Wed Mar 1 17:35:01 CST 2023] Pacbio_data.json may be writing.wait 5s...
[Wed Mar 1 17:35:06 CST 2023] Pacbio_data.json may be writing.wait 5s...
[Wed Mar 1 17:35:11 CST 2023] Update start.
[Wed Mar 1 17:35:13 CST 2023] Update done.
[Wed Mar 1 17:42:01 CST 2023] Update start.
[Wed Mar 1 17:42:03 CST 2023] Update done.
[Wed Mar 1 17:49:01 CST 2023] Update start.
[Wed Mar 1 17:49:02 CST 2023] Update done.
[Wed Mar 1 17:56:01 CST 2023] Update start.
[Wed Mar 1 17:56:02 CST 2023] Update done.
[Wed Mar 1 18:00:01 CST 2023] Update start.
[Wed Mar 1 18:00:03 CST 2023] Update done.
[Wed Mar 1 18:07:01 CST 2023] Update start.
[Wed Mar 1 18:07:02 CST 2023] Update done.
[Wed Mar 1 18:14:01 CST 2023] Update start.
[Wed Mar 1 18:14:02 CST 2023] Update done.
[Wed Mar 1 18:21:01 CST 2023] Update start.
[Wed Mar 1 18:21:01 CST 2023] Update done.
[Wed Mar 1 18:28:02 CST 2023] Update start.
[Wed Mar 1 18:28:02 CST 2023] Update done.
[Wed Mar 1 18:35:01 CST 2023] Update start.
[Wed Mar 1 18:35:02 CST 2023] Update done.
[Wed Mar 1 18:42:01 CST 2023] Update start.
[Wed Mar 1 18:42:02 CST 2023] Update done.
[Wed Mar 1 18:49:01 CST 2023] Update start.
[Wed Mar 1 18:49:02 CST 2023] Update done.
[Wed Mar 1 18:56:01 CST 2023] Update start.
[Wed Mar 1 18:56:03 CST 2023] Update done.
[Wed Mar 1 19:00:01 CST 2023] Pacbio_data.json may be writing.wait 5s...
[Wed Mar 1 19:00:06 CST 2023] Pacbio_data.json may be writing.wait 5s...
[Wed Mar 1 19:00:11 CST 2023] Pacbio_data.json may be writing.wait 5s...
[Wed Mar 1 19:00:16 CST 2023] Pacbio_data.json may be writing.wait 5s...
[Wed Mar 1 19:00:21 CST 2023] Pacbio_data.json may be writing.wait 5s...
[Wed Mar 1 19:00:26 CST 2023] Pacbio_data.json may be writing.wait 5s...
[Wed Mar 1 19:00:31 CST 2023] Pacbio_data.json may be writing.wait 5s...
[Wed Mar 1 19:00:36 CST 2023] Pacbio_data.json may be writing.wait 5s...
[Wed Mar 1 19:00:41 CST 2023] Pacbio_data.json may be writing.wait 5s...
[Wed Mar 1 19:00:46 CST 2023] Pacbio_data.json may be writing.wait 5s...
[Wed Mar 1 19:00:51 CST 2023] Pacbio_data.json may be writing.wait 5s...
[Wed Mar 1 19:00:56 CST 2023] Pacbio_data.json may be writing.wait 5s...
[Wed Mar 1 19:01:01 CST 2023] Pacbio_data.json may be writing.wait 5s...
[Wed Mar 1 19:01:06 CST 2023] Pacbio_data.json may be writing.wait 5s...
[Wed Mar 1 19:01:11 CST 2023] Pacbio_data.json may be writing.wait 5s...
[Wed Mar 1 19:01:16 CST 2023] Pacbio_data.json may be writing.wait 5s...
[Wed Mar 1 19:01:21 CST 2023] Pacbio_data.json may be writing.wait 5s...
[Wed Mar 1 19:01:26 CST 2023] Pacbio_data.json may be writing.wait 5s...
[Wed Mar 1 19:01:31 CST 2023] Pacbio_data.json may be writing.wait 5s...
[Wed Mar 1 19:01:36 CST 2023] Pacbio_data.json may be writing.wait 5s...
[Wed Mar 1 19:01:41 CST 2023] Pacbio_data.json may be writing.wait 5s...
[Wed Mar 1 19:01:46 CST 2023] Pacbio_data.json may be writing.wait 5s...
[Wed Mar 1 19:01:51 CST 2023] Pacbio_data.json may be writing.wait 5s...
[Wed Mar 1 19:01:56 CST 2023] Pacbio_data.json may be writing.wait 5s...
[Wed Mar 1 19:02:01 CST 2023] Pacbio_data.json may be writing.wait 5s...
[Wed Mar 1 19:02:06 CST 2023] Pacbio_data.json may be writing.wait 5s...
[Wed Mar 1 19:02:11 CST 2023] Pacbio_data.json may be writing.wait 5s...
[Wed Mar 1 19:02:16 CST 2023] Pacbio_data.json may be writing.wait 5s...
[Wed Mar 1 19:02:21 CST 2023] Pacbio_data.json may be writing.wait 5s...
[Wed Mar 1 19:02:26 CST 2023] Update start.
[Wed Mar 1 19:02:27 CST 2023] Update done.
[Wed Mar 1 19:07:01 CST 2023] Update start.
[Wed Mar 1 19:07:02 CST 2023] Update done.
[Wed Mar 1 19:14:01 CST 2023] Update start.
[Wed Mar 1 19:14:02 CST 2023] Update done.
[Wed Mar 1 19:21:01 CST 2023] Update start.
[Wed Mar 1 19:21:02 CST 2023] Update done.
[Wed Mar 1 19:28:01 CST 2023] Update start.
[Wed Mar 1 19:28:01 CST 2023] Update done.
[Wed Mar 1 19:35:01 CST 2023] Update start.
[Wed Mar 1 19:35:02 CST 2023] Update done.
[Wed Mar 1 19:42:01 CST 2023] Update start.
[Wed Mar 1 19:42:02 CST 2023] Update done.
[Wed Mar 1 19:49:01 CST 2023] Update start.
[Wed Mar 1 19:49:02 CST 2023] Update done.
[Wed Mar 1 19:56:01 CST 2023] Update start.
[Wed Mar 1 19:56:02 CST 2023] Update done.
[Wed Mar 1 20:00:01 CST 2023] Update start.
[Wed Mar 1 20:00:03 CST 2023] Update done.
[Wed Mar 1 20:07:01 CST 2023] Update start.
[Wed Mar 1 20:07:02 CST 2023] Update done.
[Wed Mar 1 20:14:01 CST 2023] Update start.
[Wed Mar 1 20:14:02 CST 2023] Update done.
[Wed Mar 1 20:21:01 CST 2023] Update start.
[Wed Mar 1 20:21:03 CST 2023] Update done.
[Wed Mar 1 20:28:01 CST 2023] Update start.
[Wed Mar 1 20:28:02 CST 2023] Update done.
[Wed Mar 1 20:35:02 CST 2023] Update start.
[Wed Mar 1 20:35:03 CST 2023] Update done.
[Wed Mar 1 20:42:01 CST 2023] Update start.
[Wed Mar 1 20:42:02 CST 2023] Update done.
[Wed Mar 1 20:49:01 CST 2023] Update start.
[Wed Mar 1 20:49:03 CST 2023] Update done.
[Wed Mar 1 20:56:01 CST 2023] Update start.
[Wed Mar 1 20:56:02 CST 2023] Update done.
[Wed Mar 1 21:00:01 CST 2023] Update start.
[Wed Mar 1 21:00:02 CST 2023] Update done.
[Wed Mar 1 21:07:01 CST 2023] Update start.
[Wed Mar 1 21:07:03 CST 2023] Update done.
[Wed Mar 1 21:14:01 CST 2023] Update start.
[Wed Mar 1 21:14:02 CST 2023] Update done.
[Wed Mar 1 21:21:01 CST 2023] Update start.
[Wed Mar 1 21:21:03 CST 2023] Update done.
[Wed Mar 1 21:28:01 CST 2023] Update start.
[Wed Mar 1 21:28:02 CST 2023] Update done.
[Wed Mar 1 21:35:01 CST 2023] Pacbio_data.json may be writing.wait 5s...
[Wed Mar 1 21:35:06 CST 2023] Pacbio_data.json may be writing.wait 5s...
[Wed Mar 1 21:35:11 CST 2023] Pacbio_data.json may be writing.wait 5s...
[Wed Mar 1 21:35:16 CST 2023] Pacbio_data.json may be writing.wait 5s...
[Wed Mar 1 21:35:21 CST 2023] Pacbio_data.json may be writing.wait 5s...
[Wed Mar 1 21:35:26 CST 2023] Pacbio_data.json may be writing.wait 5s...
[Wed Mar 1 21:35:31 CST 2023] Pacbio_data.json may be writing.wait 5s...
[Wed Mar 1 21:35:36 CST 2023] Pacbio_data.json may be writing.wait 5s...
[Wed Mar 1 21:35:41 CST 2023] Pacbio_data.json may be writing.wait 5s...
[Wed Mar 1 21:35:46 CST 2023] Update start.
[Wed Mar 1 21:35:48 CST 2023] Update done.
[Wed Mar 1 21:42:01 CST 2023] Update start.
[Wed Mar 1 21:42:02 CST 2023] Update done.
[Wed Mar 1 21:49:01 CST 2023] Update start.
[Wed Mar 1 21:49:02 CST 2023] Update done.
[Wed Mar 1 21:56:01 CST 2023] Update start.
[Wed Mar 1 21:56:03 CST 2023] Update done.
[Wed Mar 1 22:00:01 CST 2023] Update start.
[Wed Mar 1 22:00:02 CST 2023] Update done.
[Wed Mar 1 22:07:01 CST 2023] Update start.
[Wed Mar 1 22:07:03 CST 2023] Update done.
[Wed Mar 1 22:14:01 CST 2023] Update start.
[Wed Mar 1 22:14:02 CST 2023] Update done.
[Wed Mar 1 22:21:01 CST 2023] Update start.
[Wed Mar 1 22:21:03 CST 2023] Update done.
[Wed Mar 1 22:28:01 CST 2023] Update start.
[Wed Mar 1 22:28:02 CST 2023] Update done.
[Wed Mar 1 22:35:01 CST 2023] Pacbio_data.json may be writing.wait 5s...
[Wed Mar 1 22:35:06 CST 2023] Pacbio_data.json may be writing.wait 5s...
[Wed Mar 1 22:35:11 CST 2023] Pacbio_data.json may be writing.wait 5s...
[Wed Mar 1 22:35:16 CST 2023] Pacbio_data.json may be writing.wait 5s...
[Wed Mar 1 22:35:21 CST 2023] Update start.
[Wed Mar 1 22:35:23 CST 2023] Update done.
[Wed Mar 1 22:42:01 CST 2023] Update start.
[Wed Mar 1 22:42:02 CST 2023] Update done.
[Wed Mar 1 22:49:01 CST 2023] Update start.
[Wed Mar 1 22:49:03 CST 2023] Update done.
[Wed Mar 1 22:56:01 CST 2023] Update start.
[Wed Mar 1 22:56:02 CST 2023] Update done.
[Wed Mar 1 23:00:01 CST 2023] Update start.
[Wed Mar 1 23:00:02 CST 2023] Update done.
[Wed Mar 1 23:07:01 CST 2023] Pacbio_data.json may be writing.wait 5s...
[Wed Mar 1 23:07:06 CST 2023] Pacbio_data.json may be writing.wait 5s...
[Wed Mar 1 23:07:11 CST 2023] Pacbio_data.json may be writing.wait 5s...
[Wed Mar 1 23:07:16 CST 2023] Update start.
[Wed Mar 1 23:07:18 CST 2023] Update done.
[Wed Mar 1 23:14:01 CST 2023] Update start.
[Wed Mar 1 23:14:02 CST 2023] Update done.
[Wed Mar 1 23:21:01 CST 2023] Update start.
[Wed Mar 1 23:21:03 CST 2023] Update done.
[Wed Mar 1 23:28:01 CST 2023] Update start.
[Wed Mar 1 23:28:02 CST 2023] Update done.
[Wed Mar 1 23:35:01 CST 2023] Pacbio_data.json may be writing.wait 5s...
[Wed Mar 1 23:35:06 CST 2023] Pacbio_data.json may be writing.wait 5s...
[Wed Mar 1 23:35:11 CST 2023] Update start.
[Wed Mar 1 23:35:13 CST 2023] Update done.
[Wed Mar 1 23:42:01 CST 2023] Update start.
[Wed Mar 1 23:42:02 CST 2023] Update done.
[Wed Mar 1 23:49:01 CST 2023] Update start.
[Wed Mar 1 23:49:03 CST 2023] Update done.
[Wed Mar 1 23:56:01 CST 2023] Update start.
[Wed Mar 1 23:56:02 CST 2023] Update done.
